2016-01-06 22:58:40 INFO  Launcher:48 - Starting Launcher on AndreyPC with PID 6996 (C:\devtools\workspace_work\baclab-reports\baclab-reports\target\classes started by Andrey in C:\devtools\workspace_work\baclab-reports\baclab-reports)
2016-01-06 22:58:40 INFO  Launcher:664 - No active profile set, falling back to default profiles: default
2016-01-06 22:58:40 INFO  AnnotationConfigEmbeddedWebApplicationContext:578 - Refreshing org.springframework.boot.context.embedded.AnnotationConfigEmbeddedWebApplicationContext@480bdb19: startup date [Wed Jan 06 22:58:40 EET 2016]; root of context hierarchy
2016-01-06 22:58:43 INFO  Version:17 - HV000001: Hibernate Validator 5.2.2.Final
2016-01-06 22:58:44 INFO  DefaultListableBeanFactory:839 - Overriding bean definition for bean 'beanNameViewResolver' with a different definition: replacing [Root bean: class [null]; scope=; abstract=false; lazyInit=false; autowireMode=3; dependencyCheck=0; autowireCandidate=true; primary=false; factoryBeanName=org.springframework.boot.autoconfigure.web.ErrorMvcAutoConfiguration$WhitelabelErrorViewConfiguration; factoryMethodName=beanNameViewResolver; initMethodName=null; destroyMethodName=(inferred); defined in class path resource [org/springframework/boot/autoconfigure/web/ErrorMvcAutoConfiguration$WhitelabelErrorViewConfiguration.class]] with [Root bean: class [null]; scope=; abstract=false; lazyInit=false; autowireMode=3; dependencyCheck=0; autowireCandidate=true; primary=false; factoryBeanName=org.springframework.boot.autoconfigure.web.WebMvcAutoConfiguration$WebMvcAutoConfigurationAdapter; factoryMethodName=beanNameViewResolver; initMethodName=null; destroyMethodName=(inferred); defined in class path resource [org/springframework/boot/autoconfigure/web/WebMvcAutoConfiguration$WebMvcAutoConfigurationAdapter.class]]
2016-01-06 22:58:46 INFO  TomcatEmbeddedServletContainer:81 - Tomcat initialized with port(s): 8090 (http)
2016-01-06 22:58:46 INFO  StandardService:180 - Starting service Tomcat
2016-01-06 22:58:46 INFO  StandardEngine:180 - Starting Servlet Engine: Apache Tomcat/8.0.30
2016-01-06 22:58:47 INFO  [/]:180 - Initializing Spring embedded WebApplicationContext
2016-01-06 22:58:47 INFO  ContextLoader:272 - Root WebApplicationContext: initialization completed in 6557 ms
2016-01-06 22:58:48 INFO  ServletRegistrationBean:189 - Mapping servlet: 'dispatcherServlet' to [/]
2016-01-06 22:58:48 INFO  FilterRegistrationBean:258 - Mapping filter: 'characterEncodingFilter' to: [/*]
2016-01-06 22:58:48 INFO  FilterRegistrationBean:258 - Mapping filter: 'hiddenHttpMethodFilter' to: [/*]
2016-01-06 22:58:48 INFO  FilterRegistrationBean:258 - Mapping filter: 'httpPutFormContentFilter' to: [/*]
2016-01-06 22:58:48 INFO  FilterRegistrationBean:258 - Mapping filter: 'requestContextFilter' to: [/*]
2016-01-06 22:58:49 INFO  RequestMappingHandlerAdapter:532 - Looking for @ControllerAdvice: org.springframework.boot.context.embedded.AnnotationConfigEmbeddedWebApplicationContext@480bdb19: startup date [Wed Jan 06 22:58:40 EET 2016]; root of context hierarchy
2016-01-06 22:58:49 INFO  RequestMappingHandlerMapping:527 - Mapped "{[/greeting]}" onto public java.lang.String ua.com.hedgehogsoft.baclabreports.web.HelloController.hello()
2016-01-06 22:58:49 INFO  RequestMappingHandlerMapping:527 - Mapped "{[/error]}" onto public org.springframework.http.ResponseEntity<java.util.Map<java.lang.String, java.lang.Object>> org.springframework.boot.autoconfigure.web.BasicErrorController.error(javax.servlet.http.HttpServletRequest)
2016-01-06 22:58:49 INFO  RequestMappingHandlerMapping:527 - Mapped "{[/error],produces=[text/html]}" onto public org.springframework.web.servlet.ModelAndView org.springframework.boot.autoconfigure.web.BasicErrorController.errorHtml(javax.servlet.http.HttpServletRequest,javax.servlet.http.HttpServletResponse)
2016-01-06 22:58:49 INFO  SimpleUrlHandlerMapping:341 - Mapped URL path [/webjars/**] onto handler of type [class org.springframework.web.servlet.resource.ResourceHttpRequestHandler]
2016-01-06 22:58:49 INFO  SimpleUrlHandlerMapping:341 - Mapped URL path [/**] onto handler of type [class org.springframework.web.servlet.resource.ResourceHttpRequestHandler]
2016-01-06 22:58:49 INFO  SimpleUrlHandlerMapping:341 - Mapped URL path [/**/favicon.ico] onto handler of type [class org.springframework.web.servlet.resource.ResourceHttpRequestHandler]
2016-01-06 22:58:50 INFO  AnnotationMBeanExporter:431 - Registering beans for JMX exposure on startup
2016-01-06 22:58:50 INFO  Http11NioProtocol:180 - Initializing ProtocolHandler ["http-nio-8090"]
2016-01-06 22:58:50 INFO  Http11NioProtocol:180 - Starting ProtocolHandler ["http-nio-8090"]
2016-01-06 22:58:50 INFO  NioSelectorPool:180 - Using a shared selector for servlet write/read
2016-01-06 22:58:50 INFO  TomcatEmbeddedServletContainer:162 - Tomcat started on port(s): 8090 (http)
2016-01-06 22:58:50 INFO  Launcher:57 - Started Launcher in 13.332 seconds (JVM running for 16.527)
2016-01-06 22:58:50 INFO  Launcher:15 - Hello World!
2016-01-06 22:59:54 INFO  [/]:180 - Initializing Spring FrameworkServlet 'dispatcherServlet'
2016-01-06 22:59:54 INFO  DispatcherServlet:489 - FrameworkServlet 'dispatcherServlet': initialization started
2016-01-06 22:59:55 INFO  DispatcherServlet:508 - FrameworkServlet 'dispatcherServlet': initialization completed in 104 ms
2016-01-06 23:11:43 INFO  AbstractContextLoader:242 - Could not detect default resource locations for test class [ua.com.hedgehogsoft.baclabreports.DefaultTest]: no resource found for suffixes {-context.xml, Context.groovy}.
2016-01-06 23:11:43 INFO  WebTestContextBootstrapper:207 - Could not instantiate TestExecutionListener [org.springframework.test.context.transaction.TransactionalTestExecutionListener]. Specify custom listener classes or make the default listener classes (and their required dependencies) available. Offending class: [org/springframework/transaction/interceptor/TransactionAttributeSource]
2016-01-06 23:11:43 INFO  WebTestContextBootstrapper:207 - Could not instantiate TestExecutionListener [org.springframework.test.context.jdbc.SqlScriptsTestExecutionListener]. Specify custom listener classes or make the default listener classes (and their required dependencies) available. Offending class: [org/springframework/transaction/interceptor/TransactionAttribute]
2016-01-06 23:11:43 INFO  WebTestContextBootstrapper:185 - Using TestExecutionListeners: [org.springframework.boot.test.IntegrationTestPropertiesListener@13c78c0b, org.springframework.test.context.support.DirtiesContextBeforeModesTestExecutionListener@12843fce, org.springframework.test.context.support.DependencyInjectionTestExecutionListener@3dd3bcd, org.springframework.test.context.support.DirtiesContextTestExecutionListener@97e1986]
2016-01-06 23:11:48 INFO  Version:17 - HV000001: Hibernate Validator 5.2.2.Final
2016-01-06 23:11:49 INFO  AppTest:48 - Starting AppTest on AndreyPC with PID 6220 (C:\devtools\workspace_work\baclab-reports\baclab-reports\target\test-classes started by Andrey in C:\devtools\workspace_work\baclab-reports\baclab-reports)
2016-01-06 23:11:49 INFO  AppTest:664 - No active profile set, falling back to default profiles: default
2016-01-06 23:11:49 INFO  AnnotationConfigEmbeddedWebApplicationContext:578 - Refreshing org.springframework.boot.context.embedded.AnnotationConfigEmbeddedWebApplicationContext@dd05255: startup date [Wed Jan 06 23:11:49 EET 2016]; root of context hierarchy
2016-01-06 23:11:52 INFO  DefaultListableBeanFactory:839 - Overriding bean definition for bean 'beanNameViewResolver' with a different definition: replacing [Root bean: class [null]; scope=; abstract=false; lazyInit=false; autowireMode=3; dependencyCheck=0; autowireCandidate=true; primary=false; factoryBeanName=org.springframework.boot.autoconfigure.web.ErrorMvcAutoConfiguration$WhitelabelErrorViewConfiguration; factoryMethodName=beanNameViewResolver; initMethodName=null; destroyMethodName=(inferred); defined in class path resource [org/springframework/boot/autoconfigure/web/ErrorMvcAutoConfiguration$WhitelabelErrorViewConfiguration.class]] with [Root bean: class [null]; scope=; abstract=false; lazyInit=false; autowireMode=3; dependencyCheck=0; autowireCandidate=true; primary=false; factoryBeanName=org.springframework.boot.autoconfigure.web.WebMvcAutoConfiguration$WebMvcAutoConfigurationAdapter; factoryMethodName=beanNameViewResolver; initMethodName=null; destroyMethodName=(inferred); defined in class path resource [org/springframework/boot/autoconfigure/web/WebMvcAutoConfiguration$WebMvcAutoConfigurationAdapter.class]]
2016-01-06 23:11:59 INFO  TomcatEmbeddedServletContainer:81 - Tomcat initialized with port(s): 8090 (http)
2016-01-06 23:11:59 INFO  StandardService:180 - Starting service Tomcat
2016-01-06 23:11:59 INFO  StandardEngine:180 - Starting Servlet Engine: Apache Tomcat/8.0.30
2016-01-06 23:12:00 INFO  [/]:180 - Initializing Spring embedded WebApplicationContext
2016-01-06 23:12:00 INFO  ContextLoader:272 - Root WebApplicationContext: initialization completed in 10593 ms
2016-01-06 23:12:01 INFO  ServletRegistrationBean:189 - Mapping servlet: 'dispatcherServlet' to [/]
2016-01-06 23:12:01 INFO  FilterRegistrationBean:258 - Mapping filter: 'characterEncodingFilter' to: [/*]
2016-01-06 23:12:01 INFO  FilterRegistrationBean:258 - Mapping filter: 'hiddenHttpMethodFilter' to: [/*]
2016-01-06 23:12:01 INFO  FilterRegistrationBean:258 - Mapping filter: 'httpPutFormContentFilter' to: [/*]
2016-01-06 23:12:01 INFO  FilterRegistrationBean:258 - Mapping filter: 'requestContextFilter' to: [/*]
2016-01-06 23:12:02 INFO  RequestMappingHandlerAdapter:532 - Looking for @ControllerAdvice: org.springframework.boot.context.embedded.AnnotationConfigEmbeddedWebApplicationContext@dd05255: startup date [Wed Jan 06 23:11:49 EET 2016]; root of context hierarchy
2016-01-06 23:12:03 INFO  RequestMappingHandlerMapping:527 - Mapped "{[/greeting]}" onto public java.lang.String ua.com.hedgehogsoft.baclabreports.web.HelloController.hello()
2016-01-06 23:12:03 INFO  RequestMappingHandlerMapping:527 - Mapped "{[/error]}" onto public org.springframework.http.ResponseEntity<java.util.Map<java.lang.String, java.lang.Object>> org.springframework.boot.autoconfigure.web.BasicErrorController.error(javax.servlet.http.HttpServletRequest)
2016-01-06 23:12:03 INFO  RequestMappingHandlerMapping:527 - Mapped "{[/error],produces=[text/html]}" onto public org.springframework.web.servlet.ModelAndView org.springframework.boot.autoconfigure.web.BasicErrorController.errorHtml(javax.servlet.http.HttpServletRequest,javax.servlet.http.HttpServletResponse)
2016-01-06 23:12:03 INFO  SimpleUrlHandlerMapping:341 - Mapped URL path [/webjars/**] onto handler of type [class org.springframework.web.servlet.resource.ResourceHttpRequestHandler]
2016-01-06 23:12:03 INFO  SimpleUrlHandlerMapping:341 - Mapped URL path [/**] onto handler of type [class org.springframework.web.servlet.resource.ResourceHttpRequestHandler]
2016-01-06 23:12:03 INFO  SimpleUrlHandlerMapping:341 - Mapped URL path [/**/favicon.ico] onto handler of type [class org.springframework.web.servlet.resource.ResourceHttpRequestHandler]
2016-01-06 23:12:04 INFO  Http11NioProtocol:180 - Initializing ProtocolHandler ["http-nio-8090"]
2016-01-06 23:12:04 INFO  Http11NioProtocol:180 - Starting ProtocolHandler ["http-nio-8090"]
2016-01-06 23:12:04 INFO  NioSelectorPool:180 - Using a shared selector for servlet write/read
2016-01-06 23:12:04 INFO  TomcatEmbeddedServletContainer:162 - Tomcat started on port(s): 8090 (http)
2016-01-06 23:12:04 INFO  AppTest:57 - Started AppTest in 18.514 seconds (JVM running for 24.706)
2016-01-06 23:12:06 INFO  [/]:180 - Initializing Spring FrameworkServlet 'dispatcherServlet'
2016-01-06 23:12:06 INFO  DispatcherServlet:489 - FrameworkServlet 'dispatcherServlet': initialization started
2016-01-06 23:12:06 INFO  DispatcherServlet:508 - FrameworkServlet 'dispatcherServlet': initialization completed in 178 ms
2016-01-06 23:12:08 INFO  AnnotationConfigEmbeddedWebApplicationContext:960 - Closing org.springframework.boot.context.embedded.AnnotationConfigEmbeddedWebApplicationContext@dd05255: startup date [Wed Jan 06 23:11:49 EET 2016]; root of context hierarchy
2016-01-06 23:14:20 INFO  AbstractContextLoader:242 - Could not detect default resource locations for test class [ua.com.hedgehogsoft.baclabreports.DefaultTest]: no resource found for suffixes {-context.xml, Context.groovy}.
2016-01-06 23:14:20 INFO  WebTestContextBootstrapper:207 - Could not instantiate TestExecutionListener [org.springframework.test.context.transaction.TransactionalTestExecutionListener]. Specify custom listener classes or make the default listener classes (and their required dependencies) available. Offending class: [org/springframework/transaction/interceptor/TransactionAttributeSource]
2016-01-06 23:14:20 INFO  WebTestContextBootstrapper:207 - Could not instantiate TestExecutionListener [org.springframework.test.context.jdbc.SqlScriptsTestExecutionListener]. Specify custom listener classes or make the default listener classes (and their required dependencies) available. Offending class: [org/springframework/transaction/interceptor/TransactionAttribute]
2016-01-06 23:14:20 INFO  WebTestContextBootstrapper:185 - Using TestExecutionListeners: [org.springframework.boot.test.IntegrationTestPropertiesListener@553f17c, org.springframework.test.context.support.DirtiesContextBeforeModesTestExecutionListener@4f7d0008, org.springframework.test.context.support.DependencyInjectionTestExecutionListener@271053e1, org.springframework.test.context.support.DirtiesContextTestExecutionListener@589838eb]
2016-01-06 23:14:20 INFO  AbstractContextLoader:242 - Could not detect default resource locations for test class [ua.com.hedgehogsoft.baclabreports.DefaultTest]: no resource found for suffixes {-context.xml, Context.groovy}.
2016-01-06 23:14:20 INFO  WebTestContextBootstrapper:207 - Could not instantiate TestExecutionListener [org.springframework.test.context.transaction.TransactionalTestExecutionListener]. Specify custom listener classes or make the default listener classes (and their required dependencies) available. Offending class: [org/springframework/transaction/interceptor/TransactionAttributeSource]
2016-01-06 23:14:20 INFO  WebTestContextBootstrapper:207 - Could not instantiate TestExecutionListener [org.springframework.test.context.jdbc.SqlScriptsTestExecutionListener]. Specify custom listener classes or make the default listener classes (and their required dependencies) available. Offending class: [org/springframework/transaction/interceptor/TransactionAttribute]
2016-01-06 23:14:20 INFO  WebTestContextBootstrapper:185 - Using TestExecutionListeners: [org.springframework.boot.test.IntegrationTestPropertiesListener@72d818d1, org.springframework.test.context.support.DirtiesContextBeforeModesTestExecutionListener@6e06451e, org.springframework.test.context.support.DependencyInjectionTestExecutionListener@59494225, org.springframework.test.context.support.DirtiesContextTestExecutionListener@6e1567f1]
2016-01-06 23:14:25 INFO  Version:17 - HV000001: Hibernate Validator 5.2.2.Final
2016-01-06 23:14:25 INFO  AppTest:48 - Starting AppTest on AndreyPC with PID 6608 (C:\devtools\workspace_work\baclab-reports\baclab-reports\target\test-classes started by Andrey in C:\devtools\workspace_work\baclab-reports\baclab-reports)
2016-01-06 23:14:25 INFO  AppTest:664 - No active profile set, falling back to default profiles: default
2016-01-06 23:14:25 INFO  AnnotationConfigEmbeddedWebApplicationContext:578 - Refreshing org.springframework.boot.context.embedded.AnnotationConfigEmbeddedWebApplicationContext@c86b9e3: startup date [Wed Jan 06 23:14:25 EET 2016]; root of context hierarchy
2016-01-06 23:14:28 INFO  DefaultListableBeanFactory:839 - Overriding bean definition for bean 'beanNameViewResolver' with a different definition: replacing [Root bean: class [null]; scope=; abstract=false; lazyInit=false; autowireMode=3; dependencyCheck=0; autowireCandidate=true; primary=false; factoryBeanName=org.springframework.boot.autoconfigure.web.ErrorMvcAutoConfiguration$WhitelabelErrorViewConfiguration; factoryMethodName=beanNameViewResolver; initMethodName=null; destroyMethodName=(inferred); defined in class path resource [org/springframework/boot/autoconfigure/web/ErrorMvcAutoConfiguration$WhitelabelErrorViewConfiguration.class]] with [Root bean: class [null]; scope=; abstract=false; lazyInit=false; autowireMode=3; dependencyCheck=0; autowireCandidate=true; primary=false; factoryBeanName=org.springframework.boot.autoconfigure.web.WebMvcAutoConfiguration$WebMvcAutoConfigurationAdapter; factoryMethodName=beanNameViewResolver; initMethodName=null; destroyMethodName=(inferred); defined in class path resource [org/springframework/boot/autoconfigure/web/WebMvcAutoConfiguration$WebMvcAutoConfigurationAdapter.class]]
2016-01-06 23:14:32 INFO  TomcatEmbeddedServletContainer:81 - Tomcat initialized with port(s): 8090 (http)
2016-01-06 23:14:32 INFO  StandardService:180 - Starting service Tomcat
2016-01-06 23:14:32 INFO  StandardEngine:180 - Starting Servlet Engine: Apache Tomcat/8.0.30
2016-01-06 23:14:32 INFO  [/]:180 - Initializing Spring embedded WebApplicationContext
2016-01-06 23:14:32 INFO  ContextLoader:272 - Root WebApplicationContext: initialization completed in 6984 ms
2016-01-06 23:14:34 INFO  ServletRegistrationBean:189 - Mapping servlet: 'dispatcherServlet' to [/]
2016-01-06 23:14:34 INFO  FilterRegistrationBean:258 - Mapping filter: 'characterEncodingFilter' to: [/*]
2016-01-06 23:14:34 INFO  FilterRegistrationBean:258 - Mapping filter: 'hiddenHttpMethodFilter' to: [/*]
2016-01-06 23:14:34 INFO  FilterRegistrationBean:258 - Mapping filter: 'httpPutFormContentFilter' to: [/*]
2016-01-06 23:14:34 INFO  FilterRegistrationBean:258 - Mapping filter: 'requestContextFilter' to: [/*]
2016-01-06 23:14:35 INFO  RequestMappingHandlerAdapter:532 - Looking for @ControllerAdvice: org.springframework.boot.context.embedded.AnnotationConfigEmbeddedWebApplicationContext@c86b9e3: startup date [Wed Jan 06 23:14:25 EET 2016]; root of context hierarchy
2016-01-06 23:14:35 INFO  RequestMappingHandlerMapping:527 - Mapped "{[/greeting]}" onto public java.lang.String ua.com.hedgehogsoft.baclabreports.web.HelloController.hello()
2016-01-06 23:14:35 INFO  RequestMappingHandlerMapping:527 - Mapped "{[/error]}" onto public org.springframework.http.ResponseEntity<java.util.Map<java.lang.String, java.lang.Object>> org.springframework.boot.autoconfigure.web.BasicErrorController.error(javax.servlet.http.HttpServletRequest)
2016-01-06 23:14:35 INFO  RequestMappingHandlerMapping:527 - Mapped "{[/error],produces=[text/html]}" onto public org.springframework.web.servlet.ModelAndView org.springframework.boot.autoconfigure.web.BasicErrorController.errorHtml(javax.servlet.http.HttpServletRequest,javax.servlet.http.HttpServletResponse)
2016-01-06 23:14:35 INFO  SimpleUrlHandlerMapping:341 - Mapped URL path [/webjars/**] onto handler of type [class org.springframework.web.servlet.resource.ResourceHttpRequestHandler]
2016-01-06 23:14:35 INFO  SimpleUrlHandlerMapping:341 - Mapped URL path [/**] onto handler of type [class org.springframework.web.servlet.resource.ResourceHttpRequestHandler]
2016-01-06 23:14:35 INFO  SimpleUrlHandlerMapping:341 - Mapped URL path [/**/favicon.ico] onto handler of type [class org.springframework.web.servlet.resource.ResourceHttpRequestHandler]
2016-01-06 23:14:36 INFO  Http11NioProtocol:180 - Initializing ProtocolHandler ["http-nio-8090"]
2016-01-06 23:14:36 INFO  Http11NioProtocol:180 - Starting ProtocolHandler ["http-nio-8090"]
2016-01-06 23:14:36 INFO  NioSelectorPool:180 - Using a shared selector for servlet write/read
2016-01-06 23:14:36 INFO  TomcatEmbeddedServletContainer:162 - Tomcat started on port(s): 8090 (http)
2016-01-06 23:14:36 INFO  AppTest:57 - Started AppTest in 13.443 seconds (JVM running for 20.099)
2016-01-06 23:14:37 INFO  [/]:180 - Initializing Spring FrameworkServlet 'dispatcherServlet'
2016-01-06 23:14:37 INFO  DispatcherServlet:489 - FrameworkServlet 'dispatcherServlet': initialization started
2016-01-06 23:14:37 INFO  DispatcherServlet:508 - FrameworkServlet 'dispatcherServlet': initialization completed in 58 ms
2016-01-06 23:14:37 INFO  AnnotationConfigEmbeddedWebApplicationContext:960 - Closing org.springframework.boot.context.embedded.AnnotationConfigEmbeddedWebApplicationContext@c86b9e3: startup date [Wed Jan 06 23:14:25 EET 2016]; root of context hierarchy
